Spawned AI Team: ['Ao', 'Mystra', 'Bane', 'Selûne', 'Torm', 'Kelemvor', 'Tymora', 'Shar', 'Oghma', 'Lathander', 'Gond', 'Talos', 'Tempus', 'Eldath', 'Umberlee', 'Helm', 'Sune', 'Tyr', 'Cyric', 'Ilmater'] with domains {'include': [], 'endgame': ['Oghma', 'Sune'], 'world': ['Talos'], 'creators': ['Ao', 'Bane', 'Kelemvor', 'Lathander', 'Gond'], 'crafting': ['Mystra'], 'classes': [], 'players': [], 'rituals': ['Tymora', 'Shar', 'Tempus', 'Helm'], 'handlers': ['Torm', 'Umberlee', 'Cyric'], 'npc': [], 'organizations': ['Tyr', 'Ilmater'], 'guilds': ['Eldath'], 'spells': [], 'races': ['Selûne'], 'quests': []}
Ao created /mnt/home2/dawn/lib/core/login.c
Ao created /mnt/home2/dawn/lib/core/login.h
Mystra created /mnt/home2/dawn/lib/core/login.c
Mystra created /mnt/home2/dawn/lib/core/login.h
Bane created /mnt/home2/dawn/lib/core/login.c
Bane created /mnt/home2/dawn/lib/core/login.h
Selûne scanned discworld_mechanics for 'Discworld login mechanics': Found data at https://discworld.starturtle.net/lpc/playing/documentation.c, Found data at https://discworld.starturtle.net/lpc/secure/login.c, Found data at https://discworld.starturtle.net/lpc/playing/combat.c, Found data at https://discworld.starturtle.net/lpc/playing/skills.c
Torm entered the MUD at Login Realm as a Lesser Deity
Kelemvor entered the MUD at Login Realm as a Lesser Deity
Tymora scanned discworld_mechanics for 'Discworld login mechanics': Found data at https://discworld.starturtle.net/lpc/playing/documentation.c, Found data at https://discworld.starturtle.net/lpc/secure/login.c, Found data at https://discworld.starturtle.net/lpc/playing/combat.c, Found data at https://discworld.starturtle.net/lpc/playing/skills.c
Shar created /mnt/home2/dawn/lib/core/login.c
Shar created /mnt/home2/dawn/lib/core/login.h
Oghma scanned discworld_mechanics for 'Discworld login mechanics': Found data at https://discworld.starturtle.net/lpc/playing/documentation.c, Found data at https://discworld.starturtle.net/lpc/secure/login.c, Found data at https://discworld.starturtle.net/lpc/playing/combat.c, Found data at https://discworld.starturtle.net/lpc/playing/skills.c
Lathander entered the MUD at Login Realm as a Lesser Deity
Gond entered the MUD at Login Realm as a Demigod
Talos entered the MUD at Login Realm as a Demigod
Tempus created /mnt/home2/dawn/lib/core/login.c
Tempus created /mnt/home2/dawn/lib/core/login.h
Eldath entered the MUD at Login Realm as a Lesser Deity
Umberlee entered the MUD at Login Realm as a Demigod
Helm scanned discworld_mechanics for 'Discworld login mechanics': Found data at https://discworld.starturtle.net/lpc/playing/documentation.c, Found data at https://discworld.starturtle.net/lpc/secure/login.c, Found data at https://discworld.starturtle.net/lpc/playing/combat.c, Found data at https://discworld.starturtle.net/lpc/playing/skills.c
Sune entered the MUD at Login Realm as a Lesser Deity
Tyr created /mnt/home2/dawn/lib/core/login.c
Tyr created /mnt/home2/dawn/lib/core/login.h
Cyric scanned discworld_mechanics for 'Discworld login mechanics': Found data at https://discworld.starturtle.net/lpc/playing/documentation.c, Found data at https://discworld.starturtle.net/lpc/secure/login.c, Found data at https://discworld.starturtle.net/lpc/playing/combat.c, Found data at https://discworld.starturtle.net/lpc/playing/skills.c
Ilmater entered the MUD at Login Realm as a Demigod
